Change Component DesignItemId : Designator=U1 Old DesignItemId= New DesignItemId=Atmega16
Change Component DesignItemId : Designator=C1 Old DesignItemId= New DesignItemId=Cap
Change Component DesignItemId : Designator=C3 Old DesignItemId= New DesignItemId=Cap
Change Component DesignItemId : Designator=C4 Old DesignItemId= New DesignItemId=Cap
Change Component DesignItemId : Designator=C5 Old DesignItemId= New DesignItemId=Cap
Change Component DesignItemId : Designator=C6 Old DesignItemId= New DesignItemId=Cap
Change Component DesignItemId : Designator=C7 Old DesignItemId= New DesignItemId=Cap
Change Component DesignItemId : Designator=C8 Old DesignItemId= New DesignItemId=Cap
Change Component DesignItemId : Designator=C2 Old DesignItemId= New DesignItemId=Cap Pol1
Change Component DesignItemId : Designator=C10 Old DesignItemId= New DesignItemId=Cap Pol1
Change Component DesignItemId : Designator=D1 Old DesignItemId= New DesignItemId=DIODE
Change Component DesignItemId : Designator=D2 Old DesignItemId= New DesignItemId=DIODE
Change Component DesignItemId : Designator=F1 Old DesignItemId= New DesignItemId=Fuse 1
Change Component DesignItemId : Designator=F2 Old DesignItemId= New DesignItemId=Fuse 1
Change Component DesignItemId : Designator=P2 Old DesignItemId= New DesignItemId=Header 4
Change Component DesignItemId : Designator=LED1 Old DesignItemId= New DesignItemId=LED
Change Component DesignItemId : Designator=LED2 Old DesignItemId= New DesignItemId=LED
Change Component DesignItemId : Designator=LED3 Old DesignItemId= New DesignItemId=LED
Change Component DesignItemId : Designator=LED4 Old DesignItemId= New DesignItemId=LED
Change Component DesignItemId : Designator=LED5 Old DesignItemId= New DesignItemId=LED
Change Component DesignItemId : Designator=LED6 Old DesignItemId= New DesignItemId=LED
Change Component DesignItemId : Designator=LED7 Old DesignItemId= New DesignItemId=LED
Change Component DesignItemId : Designator=LED8 Old DesignItemId= New DesignItemId=LED
Change Component DesignItemId : Designator=LED9 Old DesignItemId= New DesignItemId=LED
Change Component DesignItemId : Designator=LED10 Old DesignItemId= New DesignItemId=LED
Change Component DesignItemId : Designator=LED11 Old DesignItemId= New DesignItemId=LED
Change Component DesignItemId : Designator=LED12 Old DesignItemId= New DesignItemId=LED
Change Component DesignItemId : Designator=LED13 Old DesignItemId= New DesignItemId=LED
Change Component DesignItemId : Designator=LED14 Old DesignItemId= New DesignItemId=LED
Change Component DesignItemId : Designator=LED15 Old DesignItemId= New DesignItemId=LED
Change Component DesignItemId : Designator=LED16 Old DesignItemId= New DesignItemId=LED
Change Component DesignItemId : Designator=LED17 Old DesignItemId= New DesignItemId=LED
Change Component DesignItemId : Designator=LED18 Old DesignItemId= New DesignItemId=LED
Change Component DesignItemId : Designator=LED19 Old DesignItemId= New DesignItemId=LED
Change Component DesignItemId : Designator=LED20 Old DesignItemId= New DesignItemId=LED
Change Component DesignItemId : Designator=R1 Old DesignItemId= New DesignItemId=RES2
Change Component DesignItemId : Designator=R2 Old DesignItemId= New DesignItemId=RES2
Change Component DesignItemId : Designator=R3 Old DesignItemId= New DesignItemId=RES2
Change Component DesignItemId : Designator=R4 Old DesignItemId= New DesignItemId=RES2
Change Component DesignItemId : Designator=R5 Old DesignItemId= New DesignItemId=RES2
Change Component DesignItemId : Designator=R6 Old DesignItemId= New DesignItemId=RES2
Change Component DesignItemId : Designator=R7 Old DesignItemId= New DesignItemId=RES2
Change Component DesignItemId : Designator=R8 Old DesignItemId= New DesignItemId=RES2
Change Component DesignItemId : Designator=R9 Old DesignItemId= New DesignItemId=RES2
Change Component DesignItemId : Designator=R10 Old DesignItemId= New DesignItemId=RES2
Change Component DesignItemId : Designator=R11 Old DesignItemId= New DesignItemId=RES2
Change Component DesignItemId : Designator=R12 Old DesignItemId= New DesignItemId=RES2
Change Component DesignItemId : Designator=R13 Old DesignItemId= New DesignItemId=RES2
Change Component DesignItemId : Designator=R14 Old DesignItemId= New DesignItemId=RES2
Change Component DesignItemId : Designator=R15 Old DesignItemId= New DesignItemId=RES2
Change Component DesignItemId : Designator=R16 Old DesignItemId= New DesignItemId=RES2
Change Component DesignItemId : Designator=R17 Old DesignItemId= New DesignItemId=RES2
Change Component DesignItemId : Designator=R18 Old DesignItemId= New DesignItemId=RES2
Change Component DesignItemId : Designator=R19 Old DesignItemId= New DesignItemId=RES2
Change Component DesignItemId : Designator=R20 Old DesignItemId= New DesignItemId=RES2
Change Component DesignItemId : Designator=R21 Old DesignItemId= New DesignItemId=RES2
Change Component DesignItemId : Designator=R22 Old DesignItemId= New DesignItemId=RES2
Change Component DesignItemId : Designator=R23 Old DesignItemId= New DesignItemId=RES2
Change Component DesignItemId : Designator=R24 Old DesignItemId= New DesignItemId=RES2
Change Component DesignItemId : Designator=R25 Old DesignItemId= New DesignItemId=RES2
Change Component DesignItemId : Designator=R26 Old DesignItemId= New DesignItemId=RES2
Change Component DesignItemId : Designator=R27 Old DesignItemId= New DesignItemId=RES2
Change Component DesignItemId : Designator=R28 Old DesignItemId= New DesignItemId=RES2
Change Component DesignItemId : Designator=LS1 Old DesignItemId= New DesignItemId=Speaker
Change Component DesignItemId : Designator=P1 Old DesignItemId= New DesignItemId=SPI10
Change Component DesignItemId : Designator=Mini_S1 Old DesignItemId= New DesignItemId=SW-PB
Change Component DesignItemId : Designator=Mini_S2 Old DesignItemId= New DesignItemId=SW-PB
Change Component DesignItemId : Designator=Mini_S3 Old DesignItemId= New DesignItemId=SW-PB
Change Component DesignItemId : Designator=Mini_S4 Old DesignItemId= New DesignItemId=SW-PB
Change Component DesignItemId : Designator=U2 Old DesignItemId= New DesignItemId=U485
Change Component DesignItemId : Designator=U3 Old DesignItemId= New DesignItemId=ULN2003A
Change Component DesignItemId : Designator=U4 Old DesignItemId= New DesignItemId=ULN2003A
Change Component DesignItemId : Designator=U5 Old DesignItemId= New DesignItemId=ULN2003A
Change Component DesignItemId : Designator=Y1 Old DesignItemId= New DesignItemId=XTAL
Change Component Footprint: Designator=C10 Old Footprint=E8MM New Footprint=E6.5MM
Change Component Footprint: Designator=Y1 Old Footprint=XAL2 New Footprint=XTP2
Change Component Comment : Designator=R8 Old Comment=10K New Comment=1K
Change Component Comment : Designator=R9 Old Comment=10K New Comment=1K
Change Component Comment : Designator=R10 Old Comment=10K New Comment=1K
Change Component Comment : Designator=R11 Old Comment=10K New Comment=1K
Change Component Comment : Designator=R14 Old Comment=10K New Comment=1K
Change Component Comment : Designator=R21 Old Comment=10K New Comment=1K
Change Component Comment : Designator=R22 Old Comment=10K New Comment=1K
Change Component Comment : Designator=R23 Old Comment=10K New Comment=1K
Change Component Comment : Designator=R24 Old Comment=10K New Comment=1K
Change Component Comment : Designator=R25 Old Comment=10K New Comment=1K
Change Component Comment : Designator=R27 Old Comment=10K New Comment=1K
Change Component Comment : Designator=R28 Old Comment=10K New Comment=1K
Change Component Comment : Designator=R12 Old Comment=10K New Comment=5.1K
Change Component Comment : Designator=R13 Old Comment=10K New Comment=5.1K
Change Component Comment : Designator=R15 Old Comment=10K New Comment=5.1K
Change Component Comment : Designator=R16 Old Comment=10K New Comment=5.1K
Change Component Comment : Designator=R17 Old Comment=10K New Comment=5.1K
Change Component Comment : Designator=R18 Old Comment=10K New Comment=5.1K
Change Component Comment : Designator=R19 Old Comment=10K New Comment=5.1K
Change Component Comment : Designator=R20 Old Comment=10K New Comment=5.1K
Change Component Description : Designator=C1 Old Description= New Description=Capacitor
Change Component Description : Designator=C3 Old Description= New Description=Capacitor
Change Component Description : Designator=C4 Old Description= New Description=Capacitor
Change Component Description : Designator=C5 Old Description= New Description=Capacitor
Change Component Description : Designator=C6 Old Description= New Description=Capacitor
Change Component Description : Designator=C7 Old Description= New Description=Capacitor
Change Component Description : Designator=C8 Old Description= New Description=Capacitor
Change Component Description : Designator=D1 Old Description= New Description=Diode
Change Component Description : Designator=D2 Old Description= New Description=Diode
Change Component Description : Designator=F1 Old Description= New Description=Fuse
Change Component Description : Designator=F2 Old Description= New Description=Fuse
Change Component Description : Designator=P2 Old Description= New Description=Header, 4-Pin
Change Component Description : Designator=U3 Old Description= New Description=High-Voltage, High-Current Darlington Array
Change Component Description : Designator=U4 Old Description= New Description=High-Voltage, High-Current Darlington Array
Change Component Description : Designator=U5 Old Description= New Description=High-Voltage, High-Current Darlington Array
Change Component Description : Designator=LS1 Old Description= New Description=Loudspeaker
Change Component Description : Designator=C2 Old Description= New Description=Polarized Capacitor (Radial)
Change Component Description : Designator=Mini_S1 Old Description= New Description=Switch
Change Component Description : Designator=Mini_S2 Old Description= New Description=Switch
Change Component Description : Designator=Mini_S3 Old Description= New Description=Switch
Change Component Description : Designator=Mini_S4 Old Description= New Description=Switch
Change Component Description : Designator=LED1 Old Description= New Description=Zener Diode
Change Component Description : Designator=LED2 Old Description= New Description=Zener Diode
Change Component Description : Designator=LED3 Old Description= New Description=Zener Diode
Change Component Description : Designator=LED4 Old Description= New Description=Zener Diode
Change Component Description : Designator=LED5 Old Description= New Description=Zener Diode
Change Component Description : Designator=LED6 Old Description= New Description=Zener Diode
Change Component Description : Designator=LED7 Old Description= New Description=Zener Diode
Change Component Description : Designator=LED8 Old Description= New Description=Zener Diode
Change Component Description : Designator=LED9 Old Description= New Description=Zener Diode
Change Component Description : Designator=LED10 Old Description= New Description=Zener Diode
Change Component Description : Designator=LED11 Old Description= New Description=Zener Diode
Change Component Description : Designator=LED12 Old Description= New Description=Zener Diode
Change Component Description : Designator=LED13 Old Description= New Description=Zener Diode
Change Component Description : Designator=LED14 Old Description= New Description=Zener Diode
Change Component Description : Designator=LED15 Old Description= New Description=Zener Diode
Change Component Description : Designator=LED16 Old Description= New Description=Zener Diode
Change Component Description : Designator=LED17 Old Description= New Description=Zener Diode
Change Component Description : Designator=LED18 Old Description= New Description=Zener Diode
Change Component Description : Designator=LED19 Old Description= New Description=Zener Diode
Change Component Description : Designator=LED20 Old Description= New Description=Zener Diode
Change Component Library : Designator=U1 Old Library= New Library=CL_FS_A(V1.0).SCHLIB
Change Component Library : Designator=P2 Old Library= New Library=Miscellaneous Connectors.IntLib
Change Component Library : Designator=F1 Old Library= New Library=Miscellaneous Devices.IntLib
Change Component Library : Designator=F2 Old Library= New Library=Miscellaneous Devices.IntLib
Change Component Library : Designator=LS1 Old Library= New Library=Miscellaneous Devices.IntLib
Change Component Library : Designator=Mini_S1 Old Library= New Library=Miscellaneous Devices.IntLib
Change Component Library : Designator=Mini_S2 Old Library= New Library=Miscellaneous Devices.IntLib
Change Component Library : Designator=Mini_S3 Old Library= New Library=Miscellaneous Devices.IntLib
Change Component Library : Designator=Mini_S4 Old Library= New Library=Miscellaneous Devices.IntLib
Change Component Library : Designator=C2 Old Library= New Library=PCB_Project1.SCHLIB
Change Component Library : Designator=U2 Old Library= New Library=POL485.SCHLIB
Change Component Library : Designator=P1 Old Library= New Library=ÄÜµÏSCH¿â.SCHLIB
Change Class Name : Old Net Name=aaa New Net Name=CL-KB-V1.2
Added Member To Class: ClassName=CL-KB-V1.2 Member=Component LED4 GREEN
Change Room Name: Old Name=aaa New Name=CL-KB-V1.2
Change Room Scope: Old Scope=InComponentClass('aaa') New Scope=InComponentClass('CL-KB-V1.2')
