Change Component Footprint: Designator=C10 Old Footprint=E8MM New Footprint=E6.5MM
Change Component Footprint: Designator=Y1 Old Footprint=XAL2 New Footprint=XTP2
Change Component Comment : Designator=R8 Old Comment=10K New Comment=1K
Change Component Comment : Designator=R9 Old Comment=10K New Comment=1K
Change Component Comment : Designator=R10 Old Comment=10K New Comment=1K
Change Component Comment : Designator=R11 Old Comment=10K New Comment=1K
Change Component Comment : Designator=R14 Old Comment=10K New Comment=1K
Change Component Comment : Designator=R21 Old Comment=10K New Comment=1K
Change Component Comment : Designator=R22 Old Comment=10K New Comment=1K
Change Component Comment : Designator=R23 Old Comment=10K New Comment=1K
Change Component Comment : Designator=R24 Old Comment=10K New Comment=1K
Change Component Comment : Designator=R25 Old Comment=10K New Comment=1K
Change Component Comment : Designator=R27 Old Comment=10K New Comment=1K
Change Component Comment : Designator=R28 Old Comment=10K New Comment=1K
Change Component Comment : Designator=R12 Old Comment=10K New Comment=5.1K
Change Component Comment : Designator=R13 Old Comment=10K New Comment=5.1K
Change Component Comment : Designator=R15 Old Comment=10K New Comment=5.1K
Change Component Comment : Designator=R16 Old Comment=10K New Comment=5.1K
Change Component Comment : Designator=R17 Old Comment=10K New Comment=5.1K
Change Component Comment : Designator=R18 Old Comment=10K New Comment=5.1K
Change Component Comment : Designator=R19 Old Comment=10K New Comment=5.1K
Change Component Comment : Designator=R20 Old Comment=10K New Comment=5.1K
Change Class Name : Old Net Name=aaa New Net Name=CL-KB-V1.2
Added Member To Class: ClassName=CL-KB-V1.2 Member=Component LED4 GREEN
Change Room Name: Old Name=aaa New Name=CL-KB-V1.2
Change Room Scope: Old Scope=InComponentClass('aaa') New Scope=InComponentClass('CL-KB-V1.2')
